<?xml version="1.0" encoding="UTF-8"?>
<testsuite xmlns:xsi="http://www.w3.org/2001/XMLSchema-instance" xsi:noNamespaceSchemaLocation="https://maven.apache.org/surefire/maven-surefire-plugin/xsd/surefire-test-report-3.0.xsd" version="3.0" name="com.apiSecurity.testSecurity.TestSecurityApplicationTests" time="4.699" tests="1" errors="0" skipped="0" failures="0">
  <properties>
[...]
</properties>
  <testcase name="contextLoads" classname="com.apiSecurity.testSecurity.TestSecurityApplicationTests" time="1.331">
    <system-out><![CDATA[17:17:28.151 [main] INFO org.springframework.test.context.support.AnnotationConfigContextLoaderUtils -- Could not detect default configuration classes for test class [com.apiSecurity.testSecurity.TestSecurityApplicationTests]: TestSecurityApplicationTests does not declare any static, non-private, non-final, nested classes annotated with @Configuration.
17:17:28.355 [main] INFO org.springframework.boot.test.context.SpringBootTestContextBootstrapper -- Found @SpringBootConfiguration com.apiSecurity.testSecurity.TestSecurityApplication for test class com.apiSecurity.testSecurity.TestSecurityApplicationTests

  .   ____          _            __ _ _
 /\\ / ___'_ __ _ _(_)_ __  __ _ \ \ \ \
( ( )\___ | '_ | '_| | '_ \/ _` | \ \ \ \
 \\/  ___)| |_)| | | | | || (_| |  ) ) ) )
  '  |____| .__|_| |_|_| |_\__, | / / / /
 =========|_|==============|___/=/_/_/_/
 :: Spring Boot ::                (v3.2.5)

2024-04-27T17:17:28.978-04:00  INFO 30864 --- [testSecurity] [           main] c.a.t.TestSecurityApplicationTests       : Starting TestSecurityApplicationTests using Java 17.0.10 with PID 30864 (started by Tedros in C:\Users\Tedros\Downloads\testSecurity\testSecurity)
2024-04-27T17:17:28.981-04:00  INFO 30864 --- [testSecurity] [           main] c.a.t.TestSecurityApplicationTests       : No active profile set, falling back to 1 default profile: "default"
2024-04-27T17:17:30.875-04:00  WARN 30864 --- [testSecurity] [           main] .s.s.UserDetailsServiceAutoConfiguration : 

Using generated security password: 207e9e90-715e-4e1e-a56e-775eeeb71455

This generated password is for development use only. Your security configuration must be updated before running your application in production.

2024-04-27T17:17:31.096-04:00  INFO 30864 --- [testSecurity] [           main] o.s.s.web.DefaultSecurityFilterChain     : Will secure any request with [org.springframework.security.web.session.DisableEncodeUrlFilter@365afe87, org.springframework.security.web.context.request.async.WebAsyncManagerIntegrationFilter@43471a7e, org.springframework.security.web.context.SecurityContextHolderFilter@3b481bf5, org.springframework.security.web.header.HeaderWriterFilter@12417468, org.springframework.web.filter.CorsFilter@21e45a6f, org.springframework.security.web.csrf.CsrfFilter@2519026b, org.springframework.security.web.authentication.logout.LogoutFilter@6af5b246, org.springframework.security.web.authentication.UsernamePasswordAuthenticationFilter@2e71240b, org.springframework.security.web.authentication.ui.DefaultLoginPageGeneratingFilter@18a096b5, org.springframework.security.web.authentication.ui.DefaultLogoutPageGeneratingFilter@1a1ccaaf, org.springframework.security.web.authentication.www.BasicAuthenticationFilter@3bb9ca38, org.springframework.security.web.savedrequest.RequestCacheAwareFilter@67fb5025, org.springframework.security.web.servletapi.SecurityContextHolderAwareRequestFilter@787e4357, org.springframework.security.web.authentication.AnonymousAuthenticationFilter@7b53b1ad, org.springframework.security.web.access.ExceptionTranslationFilter@364fd4ae, org.springframework.security.web.access.intercept.AuthorizationFilter@32a4ecbe]
2024-04-27T17:17:31.155-04:00  INFO 30864 --- [testSecurity] [           main] c.a.t.TestSecurityApplicationTests       : Started TestSecurityApplicationTests in 2.54 seconds (process running for 4.375)
]]></system-out>
  </testcase>
</testsuite>